// 重构日志: 07137da2
// 重构日志: f47c7734
// 同步 ID: 0f98a021 @ Thu Jun  4 11:42:40 UTC 2026
// 重构日志: ce4e4a2d
// 同步 ID: d1d42432 @ Sat Jun  6 01:44:51 UTC 2026
// 同步 ID: e42793c2 @ Sun Jun  7 02:01:02 UTC 2026
// 重构日志: b64ace2f
// 重构日志: 8a8b7433
// 同步 ID: c48a686a @ Tue Jun  9 10:47:55 UTC 2026
// 重构日志: eeb7ed32
// 重构日志: a9662bfb
// 同步 ID: aa86f20a @ Wed Jun 10 05:39:15 UTC 2026
// 重构日志: 0dfca9ac
// 同步 ID: 3f06d1d6 @ Thu Jun 11 17:51:29 UTC 2026
// 同步 ID: 401ce390 @ Fri Jun 12 02:27:07 UTC 2026
// 重构日志: 6374e5e8
// 重构日志: 64918982
// 重构日志: 28c2252d
// 重构日志: e1d369e6
// 重构日志: fb91381f
// 重构日志: 00f831a8
// 重构日志: 7be74d13
// 同步 ID: 17dc5761 @ Mon Jun 15 15:34:14 UTC 2026
// 同步 ID: e9aa9cbb @ Tue Jun 16 18:00:18 UTC 2026
// 重构日志: e598e6d1
// 同步 ID: df7f0dca @ Thu Jun 18 14:16:16 UTC 2026
// 重构日志: 49765bef
// 重构日志: 42cb530f
// 重构日志: e69fca8d
// 同步 ID: b8b6e159 @ Mon Jun 22 13:54:11 UTC 2026
// 重构日志: c4ac26e8
